<?xml version="1.0" encoding="UTF-8"?>
<testsuite xmlns:xsi="http://www.w3.org/2001/XMLSchema-instance" xsi:noNamespaceSchemaLocation="https://maven.apache.org/surefire/maven-surefire-plugin/xsd/surefire-test-report.xsd" name="org.springframework.samples.petclinic.owner.VisitControllerTests" time="1.547" tests="3" errors="0" skipped="0" failures="0">
  <properties>
[...]
</properties>
  <testcase name="testProcessNewVisitFormHasErrors" classname="org.springframework.samples.petclinic.owner.VisitControllerTests" time="0.14"/>
  <testcase name="testProcessNewVisitFormSuccess" classname="org.springframework.samples.petclinic.owner.VisitControllerTests" time="0.016"/>
  <testcase name="testInitNewVisitForm" classname="org.springframework.samples.petclinic.owner.VisitControllerTests" time="0.04"/>
</testsuite>